C51 COMPILER V9.53.0.0   BLINKYGLASSES_MAIN                                                08/16/2017 15:51:47 PAGE 1   


C51 COMPILER V9.53.0.0, COMPILATION OF MODULE BLINKYGLASSES_MAIN
OBJECT MODULE PLACED IN .\src\BlinkyGlasses_main.OBJ
COMPILER INVOKED BY: c:\SiliconLabs\SimplicityStudio\v4\developer\toolchains\keil_8051\9.53\BIN\C51.exe C:\Users\derek\S
                    -implicityStudio\v4_workspace\BlinkyGlasses\src\BlinkyGlasses_main.c OMF2 SMALL DEBUG OBJECTEXTEND ROM(LARGE) WARNINGLEVE
                    -L(2) FLOATFUZZY(3) OPTIMIZE(8,SPEED) DEFINE(DEBUG=1) INTVECTOR(0X0000) INTPROMOTE INCDIR(C:\Users\derek\SimplicityStudio
                    -\v4_workspace\BlinkyGlasses\inc;C:/SiliconLabs/SimplicityStudio/v4/developer/sdks/8051/v4.0.6//Device/shared/si8051base;
                    -C:/SiliconLabs/SimplicityStudio/v4/developer/sdks/8051/v4.0.6//Device/EFM8BB1/inc) PRINT(.\src\BlinkyGlasses_main.lst) C
                    -OND PAGEWIDTH(120) PAGELENGTH(65) OBJECT(.\src\BlinkyGlasses_main.OBJ)

line level    source

   1          //=========================================================
   2          // src/BlinkyGlasses_main.c: generated by Hardware Configurator
   3          //
   4          // This file will be updated when saving a document.
   5          // leave the sections inside the "$[...]" comment tags alone
   6          // or they will be overwritten!!
   7          //=========================================================
   8          
   9          //-----------------------------------------------------------------------------
  10          // Includes
  11          //-----------------------------------------------------------------------------
  12          #include <SI_EFM8BB1_Register_Enums.h>                  // SFR declarations
  13          #include "InitDevice.h"
  14          #include "equates.h"
  15          // $[Generated Includes]
  16          // [Generated Includes]$
  17          
  18          //-----------------------------------------------------------------------------
  19          // SiLabs_Startup() Routine
  20          // ----------------------------------------------------------------------------
  21          // This function is called immediately after reset, before the initialization
  22          // code is run in SILABS_STARTUP.A51 (which runs before main() ). This is a
  23          // useful place to disable the watchdog timer, which is enable by default
  24          // and may trigger before main() in some instances.
  25          //-----------------------------------------------------------------------------
  26          void SiLabs_Startup (void)
  27          {
  28   1      
  29   1      }
  30          
  31          
  32          //-----------------------------------------------------------------------------
  33          // main() Routine
  34          // ----------------------------------------------------------------------------
  35          int main (void)
  36          {
  37   1        // Call hardware initialization routine
  38   1        enter_DefaultMode_from_RESET();
  39   1        
  40   1      
  41   1        RIGHTEYE = 0;
  42   1        LEFTEYE = 0;
  43   1      
  44   1        while (1) 
  45   1        {
  46   2          // $[Generated Run-time code]
  47   2          // [Generated Run-time code]$
  48   2        }                             
  49   1      }


C51 COMPILER V9.53.0.0   BLINKYGLASSES_MAIN                                                08/16/2017 15:51:47 PAGE 2   

MODULE INFORMATION:   STATIC OVERLAYABLE
   CODE SIZE        =     10    ----
   CONSTANT SIZE    =   ----    ----
   XDATA SIZE       =   ----    ----
   PDATA SIZE       =   ----    ----
   DATA SIZE        =   ----    ----
   IDATA SIZE       =   ----    ----
   BIT SIZE         =   ----    ----
   EDATA SIZE       =   ----    ----
   HDATA SIZE       =   ----    ----
   XDATA CONST SIZE =   ----    ----
   FAR CONST SIZE   =   ----    ----
END OF MODULE INFORMATION.


C51 COMPILATION COMPLETE.  0 WARNING(S),  0 ERROR(S)
