C51 COMPILER V9.53.0.0   INTERRUPTS                                                        08/16/2017 15:53:39 PAGE 1   


C51 COMPILER V9.53.0.0, COMPILATION OF MODULE INTERRUPTS
OBJECT MODULE PLACED IN .\src\Interrupts.OBJ
COMPILER INVOKED BY: c:\SiliconLabs\SimplicityStudio\v4\developer\toolchains\keil_8051\9.53\BIN\C51.exe C:\Users\derek\S
                    -implicityStudio\v4_workspace\BlinkyGlasses\src\Interrupts.c OMF2 SMALL DEBUG OBJECTEXTEND ROM(LARGE) WARNINGLEVEL(2) FLO
                    -ATFUZZY(3) OPTIMIZE(8,SPEED) DEFINE(DEBUG=1) INTVECTOR(0X0000) INTPROMOTE INCDIR(C:\Users\derek\SimplicityStudio\v4_work
                    -space\BlinkyGlasses\inc;C:/SiliconLabs/SimplicityStudio/v4/developer/sdks/8051/v4.0.6//Device/shared/si8051base;C:/Silic
                    -onLabs/SimplicityStudio/v4/developer/sdks/8051/v4.0.6//Device/EFM8BB1/inc) PRINT(.\src\Interrupts.lst) COND PAGEWIDTH(12
                    -0) PAGELENGTH(65) OBJECT(.\src\Interrupts.OBJ)

line level    source

   1          //=========================================================
   2          // src/Interrupts.c: generated by Hardware Configurator
   3          //
   4          // This file will be regenerated when saving a document.
   5          // leave the sections inside the "$[...]" comment tags alone
   6          // or they will be overwritten!
   7          //=========================================================
   8          
   9          // USER INCLUDES
  10          #include <SI_EFM8BB1_Register_Enums.h>
  11          #include "Equates.h"
  12          
  13          uint32_t adc_conversion_value;
  14          
  15          //-----------------------------------------------------------------------------
  16          // TIMER0_ISR
  17          //-----------------------------------------------------------------------------
  18          //
  19          // Controls flashing of LEDs
  20          //
  21          //-----------------------------------------------------------------------------
  22          SI_INTERRUPT (TIMER0_ISR, TIMER0_IRQn)
  23          {
  24   1      
  25   1              TCON_TF0 = false;
  26   1      
  27   1              // stop timer
  28   1              TCON &= ~TCON_TR0__BMASK;
  29   1      
  30   1              TH0 = (adc_conversion_value >> 2);
  31   1              //TH0 = 0xff;
  32   1              TL0 = 0x00;
  33   1      
  34   1              // start timer
  35   1              TCON |= TCON_TR0__BMASK;
  36   1      
  37   1      
  38   1              LEFTEYE  = !LEFTEYE;
  39   1              RIGHTEYE = !RIGHTEYE;
  40   1      
  41   1      }
  42          
  43          
  44          
  45          SI_INTERRUPT (ADC0EOC_ISR, ADC0EOC_IRQn)
  46          {
  47   1              // clear conversion interrupt bit
  48   1              ADC0CN0_ADINT = 0;
  49   1      
  50   1              // clear conversion value
  51   1              adc_conversion_value = 0;
C51 COMPILER V9.53.0.0   INTERRUPTS                                                        08/16/2017 15:53:39 PAGE 2   

  52   1      
  53   1              // read value
  54   1              adc_conversion_value = ADC0;
  55   1      
  56   1      }


MODULE INFORMATION:   STATIC OVERLAYABLE
   CODE SIZE        =    115    ----
   CONSTANT SIZE    =   ----    ----
   XDATA SIZE       =   ----    ----
   PDATA SIZE       =   ----    ----
   DATA SIZE        =      4    ----
   IDATA SIZE       =   ----    ----
   BIT SIZE         =   ----    ----
   EDATA SIZE       =   ----    ----
   HDATA SIZE       =   ----    ----
   XDATA CONST SIZE =   ----    ----
   FAR CONST SIZE   =   ----    ----
END OF MODULE INFORMATION.


C51 COMPILATION COMPLETE.  0 WARNING(S),  0 ERROR(S)
